<?xml version="1.0" encoding="UTF-8"?>
<!-- Generated by org.testng.reporters.JUnitReportReporter -->
<testsuite skipped="0" hostname="WINVA185060-0WA" name="com.sag.appium.RestAssued1.TestAuthorization" tests="1" failures="0" timestamp="08 Mar 2020 07:24:22 GMT" time="34.575" errors="0">
  <testcase name="getAuthorization" time="34.575" classname="com.sag.appium.RestAssued1.TestAuthorization"/>
</testsuite> <!-- com.sag.appium.RestAssued1.TestAuthorization -->
