<?xml version="1.0" encoding="UTF-8"?>
<!-- Generated by org.testng.reporters.JUnitReportReporter -->
<testsuite skipped="0" hostname="WINVA185060-0WA" name="com.sag.appium.RestAssued1.ParamCheck" tests="1" failures="0" timestamp="08 Mar 2020 11:59:02 GMT" time="34815.152" errors="0">
  <testcase name="checkGet" time="34815.152" classname="com.sag.appium.RestAssued1.ParamCheck"/>
</testsuite> <!-- com.sag.appium.RestAssued1.ParamCheck -->
