<?xml version="1.0" encoding="UTF-8"?>
<!-- Generated by org.testng.reporters.JUnitReportReporter -->
<testsuite skipped="0" hostname="WINVA185060-0WA" name="com.sag.appium.RestAssued1.Rest_Test" tests="1" failures="0" timestamp="08 Mar 2020 11:59:01 GMT" time="152818.609" errors="0">
  <testcase name="getData" time="152818.609" classname="com.sag.appium.RestAssued1.Rest_Test"/>
</testsuite> <!-- com.sag.appium.RestAssued1.Rest_Test -->
