<?xml version="1.0" encoding="UTF-8"?>
<!-- Generated by org.testng.reporters.JUnitReportReporter -->
<testsuite skipped="0" hostname="WINVA185060-0WA" name="com.sag.appium.RestAssued1.PostTest" tests="1" failures="0" timestamp="08 Mar 2020 12:09:13 GMT" time="1.249" errors="0">
  <testcase name="postTest" time="1.249" classname="com.sag.appium.RestAssued1.PostTest"/>
</testsuite> <!-- com.sag.appium.RestAssued1.PostTest -->
