<?xml version="1.0" encoding="UTF-8"?>
<!-- Generated by org.testng.reporters.JUnitReportReporter -->
<testsuite skipped="0" hostname="WINVA185060-0WA" name="com.sag.appium.RestAssued1.PutTest" tests="1" failures="0" timestamp="08 Mar 2020 12:11:18 GMT" time="2.213" errors="0">
  <testcase name="TestPut" time="2.213" classname="com.sag.appium.RestAssued1.PutTest"/>
</testsuite> <!-- com.sag.appium.RestAssued1.PutTest -->
